Arguments: 
  /home/dellevenjack/.nvm/versions/node/v10.16.2/lib/node_modules/node/bin/node /home/dellevenjack/.nvm/versions/node/v10.16.2/bin/yarn add babel-loader webpack webpack-cli @babel/core @babel/preset-env autoprefixer css-loader node-sass postcss-loadersass-loader style-loader --dev

PATH: 
  /home/dellevenjack/.nvm/versions/node/v10.16.2/bin:/home/dellevenjack/.sdkman/candidates/gradle/current/bin:/usr/local/sbin:/usr/local/bin:/usr/sbin:/usr/bin:/sbin:/bin:/usr/games:/usr/local/games:/snap/bin:/home/dellevenjack/bin:/usr/lib/jvm/java-8-openjdk-amd64/bin:/home/dellevenjack/Android/Sdk/platform-tools/:/home/dellevenjack/Android/Sdk/tools:/home/dellevenjack/Android/Sdk/emulator/emulator:/home/dellevenjack/development/flutter/bin:/usr/local/ampps/:/home/dellevenjack/bin:/usr/lib/jvm/java-8-openjdk-amd64/bin:/home/dellevenjack/Android/Sdk/platform-tools/:/home/dellevenjack/Android/Sdk/tools:/home/dellevenjack/Android/Sdk/emulator/emulator:/home/dellevenjack/development/flutter/bin:/usr/local/ampps/

Yarn version: 
  1.17.3

Node version: 
  12.9.1

Platform: 
  linux x64

Trace: 
  Error: https://registry.yarnpkg.com/postcss-loadersass-loader: Not found
      at Request.params.callback [as _callback] (/home/dellevenjack/.nvm/versions/node/v10.16.2/lib/node_modules/yarn/lib/cli.js:66830:18)
      at Request.self.callback (/home/dellevenjack/.nvm/versions/node/v10.16.2/lib/node_modules/yarn/lib/cli.js:140464:22)
      at Request.emit (events.js:209:13)
      at Request.<anonymous> (/home/dellevenjack/.nvm/versions/node/v10.16.2/lib/node_modules/yarn/lib/cli.js:141436:10)
      at Request.emit (events.js:209:13)
      at IncomingMessage.<anonymous> (/home/dellevenjack/.nvm/versions/node/v10.16.2/lib/node_modules/yarn/lib/cli.js:141358:12)
      at Object.onceWrapper (events.js:297:20)
      at IncomingMessage.emit (events.js:214:15)
      at endReadableNT (_stream_readable.js:1178:12)
      at processTicksAndRejections (internal/process/task_queues.js:77:11)

npm manifest: 
  {
    "name": "html-select-tag",
    "version": "1.0.0",
    "main": "index.js",
    "license": "MIT",
    "dependencies": {
      "html-tag-js": "^0.0.18"
    }
  }

yarn manifest: 
  No manifest

Lockfile: 
  # THIS IS AN AUTOGENERATED FILE. DO NOT EDIT THIS FILE DIRECTLY.
  # yarn lockfile v1
  
  
  html-tag-js@^0.0.18:
    version "0.0.18"
    resolved "https://registry.yarnpkg.com/html-tag-js/-/html-tag-js-0.0.18.tgz#39f9016eeef251f5a448c20801db652cd8705023"
    integrity sha512-6/4rJRlTkcC6G1QgZXINJwlRJ0sqkq0HtYwiJvCD0bfytpCZzHESqTcqPH3OKXv6a0/zZExqfAe+cTwlbvVm7g==
